<?xml version="1.0" encoding="UTF-8"?>
<!-- Generated by org.testng.reporters.JUnitReportReporter -->
<testsuite hostname="DESKTOP-OP7I3MO" failures="0" tests="1" name="TestUsers" time="7.316" errors="0" timestamp="2021-12-11T23:46:03 AST" skipped="0">
  <testcase classname="TestUsers" name="delete_user" time="7.316"/>
  <system-out/>
</testsuite> <!-- TestUsers -->
